Arguments: 
  /usr/local/bin/node /usr/share/yarn/bin/yarn.js add dontev express multer

PATH: 
  /home/bruno/.githubcli/bin:/home/bruno/.yarn/bin:/home/bruno/.githubcli/bin:/home/bruno/.yarn/bin:/usr/local/sbin:/usr/local/bin:/usr/sbin:/usr/bin:/sbin:/bin:/usr/games:/usr/local/games:/home/bruno/Android/Sdk/tools:/home/bruno/Android/Sdk/platform-tools:/home/bruno/Android/Sdk/tools:/home/bruno/Android/Sdk/platform-tools:/home/bruno/Android/Sdk/tools:/home/bruno/Android/Sdk/platform-tools

Yarn version: 
  1.21.1

Node version: 
  12.16.2

Platform: 
  linux x64

Trace: 
  Error: https://registry.yarnpkg.com/dontev: Not found
      at Request.params.callback [as _callback] (/usr/share/yarn/lib/cli.js:66947:18)
      at Request.self.callback (/usr/share/yarn/lib/cli.js:140665:22)
      at Request.emit (events.js:310:20)
      at Request.<anonymous> (/usr/share/yarn/lib/cli.js:141637:10)
      at Request.emit (events.js:310:20)
      at IncomingMessage.<anonymous> (/usr/share/yarn/lib/cli.js:141559:12)
      at Object.onceWrapper (events.js:416:28)
      at IncomingMessage.emit (events.js:322:22)
      at endReadableNT (_stream_readable.js:1187:12)
      at processTicksAndRejections (internal/process/task_queues.js:84:21)

npm manifest: 
  {
    "name": "upload-nodejs",
    "version": "1.0.0",
    "main": "index.js",
    "license": "MIT"
  }

yarn manifest: 
  No manifest

Lockfile: 
  No lockfile
